функция была вызвана 2024-08-17 19:25:51.417628
название функции hello_world
аргументы функции ((), {})
возвращаемое значение Hello World
функция была вызвана 2024-08-17 19:25:51.417821
название функции summator
аргументы функции ((2, 2), {})
возвращаемое значение 4
функция была вызвана 2024-08-17 19:25:51.417874
название функции div
аргументы функции ((6, 2), {})
возвращаемое значение 3.0
функция была вызвана 2024-08-17 19:25:51.417924
название функции summator
аргументы функции ((4.3,), {'b': 2.2})
возвращаемое значение 6.5
функция была вызвана 2024-08-17 19:25:51.417962
название функции summator
аргументы функции ((), {'a': 0, 'b': 0})
возвращаемое значение 0
